Using pre-set license
Built from '2022.3/staging' branch; Version is '2022.3.53f1 (df4e529d20d3) revision 14634578'; Using compiler version '192829333'; Build Type 'Release'
OS: 'Windows 11  (10.0.22631) 64bit Core' Language: 'ja' Physical Memory: 15776 MB
BatchMode: 1, IsHumanControllingUs: 0, StartBugReporterOnCrash: 0, Is64bit: 1, IsPro: 1

COMMAND LINE ARGUMENTS:
C:\Program Files\Unity\Hub\Editor\2022.3.53f1\Editor\Unity.exe
-adb2
-batchMode
-noUpm
-name
AssetImportWorker0
-projectPath
C:/Users/nknig/_cid/hd-2d-v1
-logFile
Logs/AssetImportWorker0.log
-srvPort
52030
Successfully changed project path to: C:/Users/nknig/_cid/hd-2d-v1
C:/Users/nknig/_cid/hd-2d-v1
[UnityMemory] Configuration Parameters - Can be set up in boot.config
    "memorysetup-bucket-allocator-granularity=16"
    "memorysetup-bucket-allocator-bucket-count=8"
    "memorysetup-bucket-allocator-block-size=33554432"
    "memorysetup-bucket-allocator-block-count=8"
    "memorysetup-main-allocator-block-size=16777216"
    "memorysetup-thread-allocator-block-size=16777216"
    "memorysetup-gfx-main-allocator-block-size=16777216"
    "memorysetup-gfx-thread-allocator-block-size=16777216"
    "memorysetup-cache-allocator-block-size=4194304"
    "memorysetup-typetree-allocator-block-size=2097152"
    "memorysetup-profiler-bucket-allocator-granularity=16"
    "memorysetup-profiler-bucket-allocator-bucket-count=8"
    "memorysetup-profiler-bucket-allocator-block-size=33554432"
    "memorysetup-profiler-bucket-allocator-block-count=8"
    "memorysetup-profiler-allocator-block-size=16777216"
    "memorysetup-profiler-editor-allocator-block-size=1048576"
    "memorysetup-temp-allocator-size-main=16777216"
    "memorysetup-job-temp-allocator-block-size=2097152"
    "memorysetup-job-temp-allocator-block-size-background=1048576"
    "memorysetup-job-temp-allocator-reduction-small-platforms=262144"
    "memorysetup-allocator-temp-initial-block-size-main=262144"
    "memorysetup-allocator-temp-initial-block-size-worker=262144"
    "memorysetup-temp-allocator-size-background-worker=32768"
    "memorysetup-temp-allocator-size-job-worker=262144"
    "memorysetup-temp-allocator-size-preload-manager=33554432"
    "memorysetup-temp-allocator-size-nav-mesh-worker=65536"
    "memorysetup-temp-allocator-size-audio-worker=65536"
    "memorysetup-temp-allocator-size-cloud-worker=32768"
    "memorysetup-temp-allocator-size-gi-baking-worker=262144"
    "memorysetup-temp-allocator-size-gfx=262144"
Player connection [28304]  Target information:

Player connection [28304]  * "[IP] 192.168.8.84 [Port] 0 [Flags] 2 [Guid] 3271900640 [EditorId] 3271900640 [Version] 1048832 [Id] WindowsEditor(7,NknghtAROG) [Debug] 1 [PackageName] WindowsEditor [ProjectName] Editor" 

Player connection [28304] Host joined multi-casting on [225.0.0.222:54997]...
Player connection [28304] Host joined alternative multi-casting on [225.0.0.222:34997]...
[PhysX] Initialized MultithreadedTaskDispatcher with 16 workers.
Refreshing native plugins compatible for Editor in 8.76 ms, found 4 plugins.
Preloading 0 native plugins for Editor in 0.00 ms.
Initialize engine version: 2022.3.53f1 (df4e529d20d3)
[Subsystems] Discovering subsystems at path C:/Program Files/Unity/Hub/Editor/2022.3.53f1/Editor/Data/Resources/UnitySubsystems
[Subsystems] Discovering subsystems at path C:/Users/nknig/_cid/hd-2d-v1/Assets
GfxDevice: creating device client; threaded=0; jobified=0
Direct3D:
    Version:  Direct3D 11.0 [level 11.1]
    Renderer: NVIDIA GeForce GTX 1650 with Max-Q Design (ID=0x1f9d)
    Vendor:   NVIDIA
    VRAM:     3937 MB
    Driver:   32.0.15.6094
Initialize mono
Mono path[0] = 'C:/Program Files/Unity/Hub/Editor/2022.3.53f1/Editor/Data/Managed'
Mono path[1] = 'C:/Program Files/Unity/Hub/Editor/2022.3.53f1/Editor/Data/MonoBleedingEdge/lib/mono/unityjit-win32'
Mono config path = 'C:/Program Files/Unity/Hub/Editor/2022.3.53f1/Editor/Data/MonoBleedingEdge/etc'
Using monoOptions --debugger-agent=transport=dt_socket,embedding=1,server=y,suspend=n,address=127.0.0.1:56508
Begin MonoManager ReloadAssembly
Registering precompiled unity dll's ...
Register platform support module: C:/Program Files/Unity/Hub/Editor/2022.3.53f1/Editor/Data/PlaybackEngines/WebGLSupport/UnityEditor.WebGL.Extensions.dll
Register platform support module: C:/Program Files/Unity/Hub/Editor/2022.3.53f1/Editor/Data/PlaybackEngines/AndroidPlayer/UnityEditor.Android.Extensions.dll
Register platform support module: C:/Program Files/Unity/Hub/Editor/2022.3.53f1/Editor/Data/PlaybackEngines/WindowsStandaloneSupport/UnityEditor.WindowsStandalone.Extensions.dll
Registered in 0.006894 seconds.
- Loaded All Assemblies, in  0.341 seconds
Native extension for WindowsStandalone target not found
Native extension for Android target not found
Android Extension - Scanning For ADB Devices 259 ms
Native extension for WebGL target not found
Mono: successfully reloaded assembly
- Finished resetting the current domain, in  0.535 seconds
Domain Reload Profiling: 875ms
	BeginReloadAssembly (107ms)
		ExecutionOrderSort (0ms)
		DisableScriptedObjects (0ms)
		BackupInstance (0ms)
		ReleaseScriptingObjects (0ms)
		CreateAndSetChildDomain (1ms)
	RebuildCommonClasses (30ms)
	RebuildNativeTypeToScriptingClass (13ms)
	initialDomainReloadingComplete (56ms)
	LoadAllAssembliesAndSetupDomain (134ms)
		LoadAssemblies (106ms)
		RebuildTransferFunctionScriptingTraits (0ms)
		AnalyzeDomain (131ms)
			TypeCache.Refresh (130ms)
				TypeCache.ScanAssembly (117ms)
			ScanForSourceGeneratedMonoScriptInfo (0ms)
			ResolveRequiredComponents (0ms)
	FinalizeReload (536ms)
		ReleaseScriptCaches (0ms)
		RebuildScriptCaches (0ms)
		SetupLoadedEditorAssemblies (494ms)
			LogAssemblyErrors (0ms)
			InitializePlatformSupportModulesInManaged (331ms)
			SetLoadedEditorAssemblies (5ms)
			RefreshPlugins (0ms)
			BeforeProcessingInitializeOnLoad (2ms)
			ProcessInitializeOnLoadAttributes (114ms)
			ProcessInitializeOnLoadMethodAttributes (43ms)
			AfterProcessingInitializeOnLoad (0ms)
			EditorAssembliesLoaded (0ms)
		ExecutionOrderSort2 (0ms)
		AwakeInstancesAfterBackupRestoration (0ms)
========================================================================
Worker process is ready to serve import requests
Caller must complete domain reload
Begin MonoManager ReloadAssembly
- Loaded All Assemblies, in  0.610 seconds
Native extension for WindowsStandalone target not found
Native extension for Android target not found
Native extension for WebGL target not found
Package Manager log level set to [2]
[Package Manager] Server::EnsureServerProcessIsRunning -- launch failed, reason: Unity was launched with the -noUpm command-line argument
[Package Manager] UpmClient::Send -- Unable to send message (not connected to UPM process).
[Package Manager] Cannot connect to Unity Package Manager local server
Mono: successfully reloaded assembly
- Finished resetting the current domain, in  0.606 seconds
Domain Reload Profiling: 1214ms
	BeginReloadAssembly (150ms)
		ExecutionOrderSort (0ms)
		DisableScriptedObjects (5ms)
		BackupInstance (0ms)
		ReleaseScriptingObjects (0ms)
		CreateAndSetChildDomain (30ms)
	RebuildCommonClasses (33ms)
	RebuildNativeTypeToScriptingClass (9ms)
	initialDomainReloadingComplete (39ms)
	LoadAllAssembliesAndSetupDomain (376ms)
		LoadAssemblies (293ms)
		RebuildTransferFunctionScriptingTraits (0ms)
		AnalyzeDomain (165ms)
			TypeCache.Refresh (141ms)
				TypeCache.ScanAssembly (125ms)
			ScanForSourceGeneratedMonoScriptInfo (18ms)
			ResolveRequiredComponents (4ms)
	FinalizeReload (606ms)
		ReleaseScriptCaches (0ms)
		RebuildScriptCaches (0ms)
		SetupLoadedEditorAssemblies (470ms)
			LogAssemblyErrors (0ms)
			InitializePlatformSupportModulesInManaged (17ms)
			SetLoadedEditorAssemblies (3ms)
			RefreshPlugins (0ms)
			BeforeProcessingInitializeOnLoad (69ms)
			ProcessInitializeOnLoadAttributes (339ms)
			ProcessInitializeOnLoadMethodAttributes (36ms)
			AfterProcessingInitializeOnLoad (5ms)
			EditorAssembliesLoaded (0ms)
		ExecutionOrderSort2 (0ms)
		AwakeInstancesAfterBackupRestoration (7ms)
Launched and connected shader compiler UnityShaderCompiler.exe after 0.04 seconds
Refreshing native plugins compatible for Editor in 3.66 ms, found 4 plugins.
Preloading 0 native plugins for Editor in 0.00 ms.
Unloading 3957 Unused Serialized files (Serialized files now loaded: 0)
Unloading 32 unused Assets / (57.6 KB). Loaded Objects now: 4449.
Memory consumption went from 152.8 MB to 152.7 MB.
Total: 4.252500 ms (FindLiveObjects: 0.385300 ms CreateObjectMapping: 0.276600 ms MarkObjects: 3.445700 ms  DeleteObjects: 0.143200 ms)

AssetImportParameters requested are different than current active one (requested -> active):
  custom:container-demuxer-ogg: 62fdf1f143b41e24485cea50d1cbac27 -> 
  custom:video-codec-MediaFoundation-h265: 746d11721c4dcdbdad8f713fa42b33f4 -> 
  custom:video-decoder-ogg-theora: a1e56fd34408186e4bbccfd4996cb3dc -> 
  custom:framework-win-MediaFoundation: 216162199b28c13a410421893ffa2e32 -> 
  custom:CustomObjectIndexerAttribute: 9a22284fe3817be447336de3de66b15e -> 
  custom:container-demuxer-webm: 4f35f7cbe854078d1ac9338744f61a02 -> 
  custom:container-muxer-webm: aa71ff27fc2769a1b78a27578f13a17b -> 
  custom:video-decoder-webm-vp8: 9c59270c3fd7afecdb556c50c9e8de78 -> 
  custom:SearchIndexIgnoredProperties: e643bd26f0fe6173181afceb89e7c659 -> 
  custom:AudioImporter_EditorPlatform: d09bf68614088b80899f8185d706f6e7 -> 
  custom:video-encoder-webm-vp8: eb34c28f22e8b96e1ab97ce403110664 -> 
  custom:audio-decoder-ogg-vorbis: bf7c407c2cedff20999df2af8eb42d56 -> 
  custom:audio-encoder-webm-vorbis: bf7c407c2cedff20999df2af8eb42d56 -> 
========================================================================
Received Prepare
Caller must complete domain reload
Begin MonoManager ReloadAssembly
- Loaded All Assemblies, in  0.893 seconds
Native extension for WindowsStandalone target not found
Native extension for Android target not found
Native extension for WebGL target not found
[Package Manager] Server::EnsureServerProcessIsRunning -- launch failed, reason: Unity was launched with the -noUpm command-line argument
[Package Manager] UpmClient::Send -- Unable to send message (not connected to UPM process).
[Package Manager] Cannot connect to Unity Package Manager local server
Mono: successfully reloaded assembly
- Finished resetting the current domain, in  0.756 seconds
Domain Reload Profiling: 1653ms
	BeginReloadAssembly (606ms)
		ExecutionOrderSort (0ms)
		DisableScriptedObjects (465ms)
		BackupInstance (0ms)
		ReleaseScriptingObjects (0ms)
		CreateAndSetChildDomain (37ms)
	RebuildCommonClasses (26ms)
	RebuildNativeTypeToScriptingClass (9ms)
	initialDomainReloadingComplete (30ms)
	LoadAllAssembliesAndSetupDomain (222ms)
		LoadAssemblies (270ms)
		RebuildTransferFunctionScriptingTraits (0ms)
		AnalyzeDomain (25ms)
			TypeCache.Refresh (11ms)
				TypeCache.ScanAssembly (3ms)
			ScanForSourceGeneratedMonoScriptInfo (8ms)
			ResolveRequiredComponents (5ms)
	FinalizeReload (760ms)
		ReleaseScriptCaches (0ms)
		RebuildScriptCaches (0ms)
		SetupLoadedEditorAssemblies (588ms)
			LogAssemblyErrors (0ms)
			InitializePlatformSupportModulesInManaged (15ms)
			SetLoadedEditorAssemblies (3ms)
			RefreshPlugins (0ms)
			BeforeProcessingInitializeOnLoad (68ms)
			ProcessInitializeOnLoadAttributes (449ms)
			ProcessInitializeOnLoadMethodAttributes (48ms)
			AfterProcessingInitializeOnLoad (4ms)
			EditorAssembliesLoaded (0ms)
		ExecutionOrderSort2 (0ms)
		AwakeInstancesAfterBackupRestoration (11ms)
Refreshing native plugins compatible for Editor in 3.43 ms, found 4 plugins.
Preloading 0 native plugins for Editor in 0.00 ms.
Unloading 4041 Unused Serialized files (Serialized files now loaded: 0)
Unloading 19 unused Assets / (63.4 KB). Loaded Objects now: 4561.
Memory consumption went from 150.2 MB to 150.1 MB.
Total: 3.281600 ms (FindLiveObjects: 0.306100 ms CreateObjectMapping: 0.247700 ms MarkObjects: 2.604800 ms  DeleteObjects: 0.121400 ms)

Prepare: number of updated asset objects reloaded= 0
AssetImportParameters requested are different than current active one (requested -> active):
  custom:scripting/monoscript/fileName/TMP_FontFeatureTable.cs: cbd25d300d7ed4d969d60cb9f98f2826 -> 
  custom:scripting/monoscript/fileName/TMP_SDFShaderGUI.cs: 1460619486eb6e8da302e26af5538aaa -> 
  custom:scripting/monoscript/fileName/TMP_SubMeshUI.cs: 748262c65738bc5e1c553ae7a37a0c73 -> 
  custom:scripting/monoscript/fileName/mover.cs: bf391a5a75ffb598a3e33adeed69079d -> 
  custom:scripting/monoscript/fileName/TMPro_ContextMenus.cs: 06b3d4b27f337b8d846ca7117f3251e1 -> 
  custom:scripting/monoscript/fileName/TMPro_FontAssetCreatorWindow.cs: 0d0900483ed9b57d4ccc2ff58d1220b3 -> 
  custom:scripting/monoscript/fileName/TMP_EditorResourceManager.cs: f56b80268a934198a76acc6f4cef503c -> 
  custom:scripting/monoscript/fileName/TMP_InputFieldEditor.cs: a6f05406e9cdb59679382b884c14216a -> 
  custom:container-demuxer-ogg: 62fdf1f143b41e24485cea50d1cbac27 -> 
  custom:scripting/monoscript/fileName/TMP_TextParsingUtilities.cs: 8b3fe20641ae0dd97405135955c706a3 -> 
  custom:scripting/monoscript/fileName/TMP_EditorCoroutine.cs: 04cbf5ce6e541d98265aa7668ef82832 -> 
  custom:scripting/monoscript/fileName/TMP_StyleSheetEditor.cs: 38b210a450ac855df2d81ab0242c2feb -> 
  custom:video-codec-MediaFoundation-h265: 746d11721c4dcdbdad8f713fa42b33f4 -> 
  custom:scripting/monoscript/fileName/TMPro_Private.cs: 90647cc400823b41df847a6cbfc29026 -> 
  custom:scripting/monoscript/fileName/TMP_MeshInfo.cs: 89833651f7d905e51b340ec2afe531d1 -> 
  custom:scripting/monoscript/fileName/TMP_SpriteCharacter.cs: 81dc73ff0878d6528202f8be44877b26 -> 
  custom:scripting/monoscript/fileName/TMP_ShaderUtilities.cs: 84a261643983e306d02445da38ed662f -> 
  custom:video-decoder-ogg-theora: a1e56fd34408186e4bbccfd4996cb3dc -> 
  custom:scripting/monoscript/fileName/TMP_UpdateManager.cs: fa7e71df671c5b3088b39753e4bbc70d -> 
  custom:scripting/monoscript/fileName/TMP_EditorUtility.cs: b242106620cbbc38f0411146a086b885 -> 
  custom:scripting/monoscript/fileName/TMP_SpriteGlyphPropertyDrawer.cs: 1447c7afab82cf56bc359d5c7fba114e -> 
  custom:scripting/monoscript/fileName/TMP_SpriteAssetMenu.cs: 05ea7b84320d1b77a6d1ae49c41ee9cc -> 
  custom:scripting/monoscript/fileName/TMP_ColorGradient.cs: 8d91c7c4749088eca69648d37a965bf8 -> 
  custom:scripting/monoscript/fileName/TMP_PreBuildProcessor.cs: 790c12dcd4980aa978fd28fb6f89fb37 -> 
  custom:scripting/monoscript/fileName/TMP_SerializedPropertyHolder.cs: 99e5dbc1fa1abe750acc8166e4243be8 -> 
  custom:scripting/monoscript/fileName/TMP_SpriteCharacterPropertyDrawer.cs: 14565b4e4f9266584dc3194fd967d252 -> 
  custom:framework-win-MediaFoundation: 216162199b28c13a410421893ffa2e32 -> 
  custom:scripting/monoscript/fileName/DropdownOptionListDrawer.cs: 4362475bc384312c771d88865ee2f40d -> 2b2ea9c97f9351f45324b7dd26de9002
  custom:scripting/monoscript/fileName/TMP_CharacterPropertyDrawer.cs: ddc6f8909fdac3de9238e9b86e411c3e -> 
  custom:scripting/monoscript/fileName/TMP_FontAssetEditor.cs: e359b61135381f6b1d7b8c7e97a930f3 -> 
  custom:scripting/monoscript/fileName/TMP_FontAsset_CreationMenu.cs: 1c5caeb31a0df734411a201aca87cb03 -> 
  custom:scripting/monoscript/fileName/TMP_ScrollbarEventHandler.cs: c015e39b5a3f1a14518ce039f30e10af -> 
  custom:scripting/monoscript/fileName/TMP_ObjectPool.cs: 90647cc400823b41df847a6cbfc29026 -> 
  custom:scripting/monoscript/fileName/TMP_FontAssetUtilities.cs: 5b7a9bc9c5c56e3cb5ccc808a2bdd9e4 -> 
  custom:scripting/monoscript/fileName/TextMeshPro.cs: 0cfab9de2f927cf0a5e3dc6276498acd -> 
  custom:scripting/monoscript/fileName/TMP_FontAssetCommon.cs: 2b5f11ccf8aacaf9b5ea6564bf2b0d57 -> 
  custom:scripting/monoscript/fileName/TMP_TextInfo.cs: 9e4eb698c4c168829682cbe659418e8f -> 
  custom:scripting/monoscript/fileName/TextContainer.cs: 245c032a15fbc12850861c707e37b027 -> 
  custom:scripting/monoscript/fileName/TMP_SubMesh_Editor.cs: b381eb4c2ad4ef265088242d67c5b140 -> 
  custom:scripting/monoscript/fileName/TMP_TextElement.cs: 5dfb95666bd41ecc32948097824aba23 -> 
  custom:scripting/monoscript/fileName/TMP_Text.cs: 5cba61e283281e8dbf7dadaabcd638dc -> 
  custom:CustomObjectIndexerAttribute: 9a22284fe3817be447336de3de66b15e -> 
  custom:scripting/monoscript/fileName/ExtinguishableFire.cs: 6fc079e965f07121ccb01d97432a83e7 -> 
  custom:scripting/monoscript/fileName/TMP_PostBuildProcessHandler.cs: c69b388004562ecb0f789fc3759d9651 -> 
  custom:scripting/monoscript/fileName/TMP_DropdownEditor.cs: 2d907ee76ef876797c15186180266847 -> 
  custom:container-demuxer-webm: 4f35f7cbe854078d1ac9338744f61a02 -> 
  custom:scripting/monoscript/fileName/TMP_FontAsset.cs: 6c1db4680a96f294cf0af87a0b8099aa -> 
  custom:scripting/monoscript/fileName/TMP_SubMeshUI_Editor.cs: 119a633ce37cc27ac209988b5de61d96 -> 
  custom:scripting/monoscript/fileName/TMP_BaseEditorPanel.cs: f4b9967705e7bb57152fef4117417ba7 -> 
  custom:scripting/monoscript/fileName/TMP_SettingsEditor.cs: 56bf06371df7e13c5b8cc88becb89a4d -> 
  custom:scripting/monoscript/fileName/TMP_UpdateRegistery.cs: 1f23864d29c3a03d22aa9b00a337cf78 -> 
  custom:scripting/monoscript/fileName/FastAction.cs: dfbe75b66b645b53472915ad2590af11 -> 
  custom:scripting/monoscript/fileName/TMPro_TextContainerEditor.cs: b2fbc5db24221a870c4de162a712cbfe -> 
  custom:scripting/monoscript/fileName/TMP_TextAlignmentDrawer.cs: 011b7908ef5eb5e9dea532c77e85c538 -> 
  custom:scripting/monoscript/fileName/TMPro_CreateObjectMenu.cs: ddee59388caa7a56693342f3a805d427 -> 
  custom:scripting/monoscript/fileName/GunAim.cs: a359bcb45b8a9070343cabc49c6d6c12 -> 
  custom:scripting/monoscript/fileName/TMP_Asset.cs: 7e95c8d89188057bea8fc9569c9aa309 -> 
  custom:scripting/monoscript/fileName/TMP_ColorGradientEditor.cs: ed654c9d45026a5f71e6e9535130c15f -> 
  custom:scripting/monoscript/fileName/ParticleMenu.cs: 701aa12128b01c89a035dcec7c7d7504 -> 
  custom:scripting/monoscript/fileName/UIControll.cs: b8dd8f6a4077eb82a77cf8b7d6625918 -> 
  custom:scripting/monoscript/fileName/TMP_BitmapShaderGUI.cs: 2ce3ac811452d1d6d82e565157cac3e2 -> 
  custom:scripting/monoscript/fileName/TMP_ColorGradientAssetMenu.cs: 83563be632f8167fcdca7878d36901f9 -> 
  custom:scripting/monoscript/fileName/TMP_GlyphPropertyDrawer.cs: 56b500a16a5c8f635a7bfdd702279864 -> 
  custom:scripting/monoscript/fileName/TMP_SpriteGlyph.cs: cb4cdca5a4c6415e4f27ee5280164c41 -> 
  custom:scripting/monoscript/fileName/GameEvent_Text.cs: 066d859732f348d433439b889e716a36 -> 
  custom:container-muxer-webm: aa71ff27fc2769a1b78a27578f13a17b -> 
  custom:scripting/monoscript/fileName/TMP_UIStyleManager.cs: 66d96f3fa9ea14a5a6ed3f92d3bbe0f1 -> 
  custom:scripting/monoscript/fileName/ParticleCollision.cs: 71b71ac2cffa6bd7fb708664d6afc389 -> 
  custom:video-decoder-webm-vp8: 9c59270c3fd7afecdb556c50c9e8de78 -> 
  custom:scripting/monoscript/fileName/GunShoot.cs: 88c772e3426422d2042c20de5e9fd7a7 -> 
  custom:scripting/monoscript/fileName/NPC.cs: 90abe046273d7d199d0f971801ca7233 -> 
  custom:scripting/monoscript/fileName/TMPro_EventManager.cs: 4c7492301243f935f7a463360f91d217 -> 
  custom:scripting/monoscript/fileName/GlyphRectPropertyDrawer.cs: bdec415148eac17379112822c8814df5 -> 
  custom:scripting/monoscript/fileName/TMPro_UGUI_Private.cs: 90647cc400823b41df847a6cbfc29026 -> 
  custom:scripting/monoscript/fileName/TMP_TextElement_Legacy.cs: 6e11e173cb695b15e8cce3cd1e1cb2a7 -> 
  custom:SearchIndexIgnoredProperties: e643bd26f0fe6173181afceb89e7c659 -> 
  custom:scripting/monoscript/fileName/TMP_Settings.cs: 68d1204aae2aa6d0a54c151b7af443e7 -> 
  custom:scripting/monoscript/fileName/TMPro_SortingLayerHelper.cs: 8b86ad735987eff6a1277352e9e8d9b6 -> 
  custom:AudioImporter_EditorPlatform: d09bf68614088b80899f8185d706f6e7 -> 
  custom:scripting/monoscript/fileName/Contact.cs: 9dbd2626da1d9f2dd50c7eabce15446c -> 
  custom:scripting/monoscript/fileName/TMP_ResourcesManager.cs: 64252a073d41e9c6f4e95b5f68ac966c -> 
  custom:scripting/monoscript/fileName/TMPro_TexturePostProcessor.cs: 0750ad2b775120fa59f760172dc340ad -> 
  custom:scripting/monoscript/fileName/TMP_PackageResourceImporter.cs: 949b6e7fa2132b400d5c4aaf9c34421a -> 
  custom:scripting/monoscript/fileName/TMP_Style.cs: ecc9948baa78373f3076151d1a0642d9 -> 
  custom:scripting/monoscript/fileName/TMP_EditorPanelUI.cs: 0c3fb43855adf1da22258c211d01a47d -> 
  custom:scripting/monoscript/fileName/TMP_InputField.cs: f7712ab842984f124274656d749eca3d -> 
  custom:scripting/monoscript/fileName/TMP_Sprite.cs: 0ee3c386846aa132dd254421fac18cd1 -> 
  custom:scripting/monoscript/fileName/TextMeshProUGUI.cs: b783d06a82b0620f102e3253b4b9fc9b -> 
  custom:scripting/monoscript/fileName/TMP_StyleSheet.cs: de73099b6bd4b9281c92feedf1315618 -> 
  custom:scripting/monoscript/fileName/TMP_PackageUtilities.cs: 89e6e95503dd36070edf73e7aaab4557 -> 
  custom:scripting/monoscript/fileName/TMP_GlyphPairAdjustmentRecordPropertyDrawer.cs: 1a07941369755af9e0a102a45e9058c5 -> 
  custom:scripting/monoscript/fileName/TMP_TextUtilities.cs: aab2855e68416a0a1f2f8904059662aa -> 
  custom:scripting/monoscript/fileName/TMP_Dropdown.cs: ecea2f8babcb40d207d2e73158251f60 -> 
  custom:scripting/monoscript/fileName/TMP_CharacterInfo.cs: c840ce0b0aa6c1faafb27b3b884b2328 -> 
  custom:scripting/monoscript/fileName/TMP_ListPool.cs: 90647cc400823b41df847a6cbfc29026 -> 
  custom:scripting/monoscript/fileName/MaterialReferenceManager.cs: c970e86594a0f568cbda548f2d4462c1 -> 
  custom:scripting/monoscript/fileName/ITextPreProcessor.cs: a7aa94de5d5bfce2bdd74516315faaf2 -> 
  custom:scripting/monoscript/fileName/TMPro_EditorShaderUtilities.cs: f4cbef9348a73d49f1efb8d10ff07bf0 -> 
  custom:scripting/monoscript/fileName/cam_ctrl.cs: 63cb14e9f3952ace7e4bcc5e17c0a687 -> 
  custom:scripting/monoscript/fileName/GlyphMetricsPropertyDrawer.cs: 438b07e6eae795dab04c32f51ac4e752 -> 
  custom:scripting/monoscript/fileName/TMP_DefaultControls.cs: 2673e29173eb9307fa53ee17c15332ed -> 
  custom:video-encoder-webm-vp8: eb34c28f22e8b96e1ab97ce403110664 -> 
  custom:scripting/monoscript/fileName/TMP_RichTextTagsCommon.cs: 5462d55f8a9ad882f9a7f2d708a6978b -> 
  custom:scripting/monoscript/fileName/TMPro_ExtensionMethods.cs: 479bffcc157b89693ffc4c2ef2374861 -> 
  custom:scripting/monoscript/fileName/DecalDestroyer.cs: decd07b35d36ed7e38fde9c92f7048ba -> 
  custom:audio-decoder-ogg-vorbis: bf7c407c2cedff20999df2af8eb42d56 -> 
  custom:scripting/monoscript/fileName/TMPro_MeshUtilities.cs: 2237d160e4d9e81a7d899dc235029cb3 -> 
  custom:scripting/monoscript/fileName/TMP_Compatibility.cs: 3ef1f12d3c823dd740c7c596ab076c61 -> 
  custom:scripting/monoscript/fileName/TMP_SpriteAssetImportFormats.cs: 920e3140228fbd530b0080254da22d88 -> 
  custom:scripting/monoscript/fileName/TMP_StyleAssetMenu.cs: 60e7743122a0686d1131101c521adac6 -> 
  custom:scripting/monoscript/fileName/TMP_MaterialManager.cs: 441d72ec3c04a8da6a351f60fff95465 -> 
  custom:scripting/monoscript/fileName/TMP_SpriteAsset.cs: 8d06882cb45c7664f8d7c3079ee8757f -> 
  custom:scripting/monoscript/fileName/EventSystem.cs: fa5a3f153198fe932da1eb7d5af83c3f -> 9893ce071eb20d5c73342946ea902daa
  custom:scripting/monoscript/fileName/ParticleExamples.cs: fa7f72e4810c68574ab637c94b215424 -> 
  custom:scripting/monoscript/fileName/TMP_ResourcesLoader.cs: 6f1f07799f3cfe795f955033c27f98ed -> 
  custom:scripting/precompiled-assembly-types:Unity.TextMeshPro.Editor: 46ffe279a7239cd1fb74eb9c5ab5b5d8 -> 
  custom:scripting/monoscript/fileName/TMP_FontFeaturesCommon.cs: 7d1db71d73353e7dd97f094c509882fa -> 
  custom:scripting/monoscript/fileName/TMP_LineInfo.cs: bb529d63c9723788bd7143f27cd69eaf -> 
  custom:scripting/monoscript/fileName/TMP_EditorPanel.cs: 0631f68be4ca0623bf3e313ec9becbc9 -> 
  custom:audio-encoder-webm-vorbis: bf7c407c2cedff20999df2af8eb42d56 -> 
  custom:scripting/monoscript/fileName/TMP_BaseShaderGUI.cs: 25118693f24c47c8a4b530b8bff26574 -> 
  custom:scripting/monoscript/fileName/TMP_SpriteAssetImporter.cs: 675c97d72afe988872a20f51812f7cdf -> 
  custom:scripting/monoscript/fileName/TMP_SpriteAssetEditor.cs: 8a42af05e85c0eed4128787976375b45 -> 
  custom:scripting/monoscript/fileName/TMP_Character.cs: 015720458ea991fbf07357eae19532db -> 
  custom:scripting/monoscript/fileName/TMP_SubMesh.cs: 9fd75270af40187985e5c14cc85ebe42 -> 
  custom:scripting/precompiled-assembly-types:Unity.TextMeshPro: 59230975e8163396a463bd906828ec67 -> 
  custom:scripting/precompiled-assembly-types:Assembly-CSharp: 8213bfd399176c4bdc2af8978eb16fa6 -> 
  custom:scripting/monoscript/fileName/TMP_CoroutineTween.cs: 76849b8d6d4ce499ad8ffee762e4a4af -> 
  custom:scripting/monoscript/fileName/TMP_SpriteAnimator.cs: bf3a797c3a059d3698e93e0031d7f11c -> 
  custom:scripting/monoscript/fileName/TMP_TextProcessingStack.cs: 6146dd1b7f9b90aa342ef9794e387c23 -> 
  custom:scripting/monoscript/fileName/TMP_InputValidator.cs: 5e0d679d98dae60baa87977011e0ed51 -> 
  custom:scripting/monoscript/fileName/TMP_SelectionCaret.cs: d2a06fefe973175bffa10d62f788c481 -> 
========================================================================
Received Prepare
Caller must complete domain reload
Begin MonoManager ReloadAssembly
- Loaded All Assemblies, in  0.399 seconds
Native extension for WindowsStandalone target not found
Native extension for Android target not found
Native extension for WebGL target not found
[Package Manager] Server::EnsureServerProcessIsRunning -- launch failed, reason: Unity was launched with the -noUpm command-line argument
[Package Manager] UpmClient::Send -- Unable to send message (not connected to UPM process).
[Package Manager] Cannot connect to Unity Package Manager local server
Mono: successfully reloaded assembly
- Finished resetting the current domain, in  1.062 seconds
Domain Reload Profiling: 1459ms
	BeginReloadAssembly (138ms)
		ExecutionOrderSort (0ms)
		DisableScriptedObjects (10ms)
		BackupInstance (0ms)
		ReleaseScriptingObjects (0ms)
		CreateAndSetChildDomain (32ms)
	RebuildCommonClasses (26ms)
	RebuildNativeTypeToScriptingClass (14ms)
	initialDomainReloadingComplete (24ms)
	LoadAllAssembliesAndSetupDomain (194ms)
		LoadAssemblies (252ms)
		RebuildTransferFunctionScriptingTraits (0ms)
		AnalyzeDomain (12ms)
			TypeCache.Refresh (5ms)
				TypeCache.ScanAssembly (0ms)
			ScanForSourceGeneratedMonoScriptInfo (0ms)
			ResolveRequiredComponents (5ms)
	FinalizeReload (1062ms)
		ReleaseScriptCaches (0ms)
		RebuildScriptCaches (0ms)
		SetupLoadedEditorAssemblies (478ms)
			LogAssemblyErrors (0ms)
			InitializePlatformSupportModulesInManaged (20ms)
			SetLoadedEditorAssemblies (3ms)
			RefreshPlugins (0ms)
			BeforeProcessingInitializeOnLoad (65ms)
			ProcessInitializeOnLoadAttributes (354ms)
			ProcessInitializeOnLoadMethodAttributes (31ms)
			AfterProcessingInitializeOnLoad (6ms)
			EditorAssembliesLoaded (0ms)
		ExecutionOrderSort2 (0ms)
		AwakeInstancesAfterBackupRestoration (13ms)
Refreshing native plugins compatible for Editor in 4.86 ms, found 4 plugins.
Preloading 0 native plugins for Editor in 0.00 ms.
Unloading 4041 Unused Serialized files (Serialized files now loaded: 0)
Unloading 19 unused Assets / (63.4 KB). Loaded Objects now: 4563.
Memory consumption went from 150.2 MB to 150.1 MB.
Total: 4.568200 ms (FindLiveObjects: 0.358300 ms CreateObjectMapping: 0.154200 ms MarkObjects: 3.872400 ms  DeleteObjects: 0.181800 ms)

Prepare: number of updated asset objects reloaded= 0
AssetImportParameters requested are different than current active one (requested -> active):
  custom:scripting/monoscript/fileName/TMP_FontFeatureTable.cs: cbd25d300d7ed4d969d60cb9f98f2826 -> 
  custom:scripting/monoscript/fileName/TMP_SDFShaderGUI.cs: 1460619486eb6e8da302e26af5538aaa -> 
  custom:scripting/monoscript/fileName/TMP_SubMeshUI.cs: 748262c65738bc5e1c553ae7a37a0c73 -> 
  custom:scripting/monoscript/fileName/mover.cs: bf391a5a75ffb598a3e33adeed69079d -> 
  custom:scripting/monoscript/fileName/TMPro_ContextMenus.cs: 06b3d4b27f337b8d846ca7117f3251e1 -> 
  custom:scripting/monoscript/fileName/TMPro_FontAssetCreatorWindow.cs: 0d0900483ed9b57d4ccc2ff58d1220b3 -> 
  custom:scripting/monoscript/fileName/TMP_EditorResourceManager.cs: f56b80268a934198a76acc6f4cef503c -> 
  custom:scripting/monoscript/fileName/TMP_InputFieldEditor.cs: a6f05406e9cdb59679382b884c14216a -> 
  custom:container-demuxer-ogg: 62fdf1f143b41e24485cea50d1cbac27 -> 
  custom:scripting/monoscript/fileName/TMP_TextParsingUtilities.cs: 8b3fe20641ae0dd97405135955c706a3 -> 
  custom:scripting/monoscript/fileName/TMP_EditorCoroutine.cs: 04cbf5ce6e541d98265aa7668ef82832 -> 
  custom:scripting/monoscript/fileName/TMP_StyleSheetEditor.cs: 38b210a450ac855df2d81ab0242c2feb -> 
  custom:video-codec-MediaFoundation-h265: 746d11721c4dcdbdad8f713fa42b33f4 -> 
  custom:scripting/monoscript/fileName/TMPro_Private.cs: 90647cc400823b41df847a6cbfc29026 -> 
  custom:scripting/monoscript/fileName/TMP_MeshInfo.cs: 89833651f7d905e51b340ec2afe531d1 -> 
  custom:scripting/monoscript/fileName/TMP_SpriteCharacter.cs: 81dc73ff0878d6528202f8be44877b26 -> 
  custom:scripting/monoscript/fileName/TMP_ShaderUtilities.cs: 84a261643983e306d02445da38ed662f -> 
  custom:video-decoder-ogg-theora: a1e56fd34408186e4bbccfd4996cb3dc -> 
  custom:scripting/monoscript/fileName/TMP_UpdateManager.cs: fa7e71df671c5b3088b39753e4bbc70d -> 
  custom:scripting/monoscript/fileName/TMP_EditorUtility.cs: b242106620cbbc38f0411146a086b885 -> 
  custom:scripting/monoscript/fileName/TMP_SpriteGlyphPropertyDrawer.cs: 1447c7afab82cf56bc359d5c7fba114e -> 
  custom:scripting/monoscript/fileName/TMP_SpriteAssetMenu.cs: 05ea7b84320d1b77a6d1ae49c41ee9cc -> 
  custom:scripting/monoscript/fileName/TMP_ColorGradient.cs: 8d91c7c4749088eca69648d37a965bf8 -> 
  custom:scripting/monoscript/fileName/TMP_PreBuildProcessor.cs: 790c12dcd4980aa978fd28fb6f89fb37 -> 
  custom:scripting/monoscript/fileName/TMP_SerializedPropertyHolder.cs: 99e5dbc1fa1abe750acc8166e4243be8 -> 
  custom:scripting/monoscript/fileName/TMP_SpriteCharacterPropertyDrawer.cs: 14565b4e4f9266584dc3194fd967d252 -> 
  custom:framework-win-MediaFoundation: 216162199b28c13a410421893ffa2e32 -> 
  custom:scripting/monoscript/fileName/DropdownOptionListDrawer.cs: 4362475bc384312c771d88865ee2f40d -> 2b2ea9c97f9351f45324b7dd26de9002
  custom:scripting/monoscript/fileName/TMP_CharacterPropertyDrawer.cs: ddc6f8909fdac3de9238e9b86e411c3e -> 
  custom:scripting/monoscript/fileName/TMP_FontAssetEditor.cs: e359b61135381f6b1d7b8c7e97a930f3 -> 
  custom:scripting/monoscript/fileName/TMP_FontAsset_CreationMenu.cs: 1c5caeb31a0df734411a201aca87cb03 -> 
  custom:scripting/monoscript/fileName/TMP_ScrollbarEventHandler.cs: c015e39b5a3f1a14518ce039f30e10af -> 
  custom:scripting/monoscript/fileName/TMP_ObjectPool.cs: 90647cc400823b41df847a6cbfc29026 -> 
  custom:scripting/monoscript/fileName/TMP_FontAssetUtilities.cs: 5b7a9bc9c5c56e3cb5ccc808a2bdd9e4 -> 
  custom:scripting/monoscript/fileName/TextMeshPro.cs: 0cfab9de2f927cf0a5e3dc6276498acd -> 
  custom:scripting/monoscript/fileName/TMP_FontAssetCommon.cs: 2b5f11ccf8aacaf9b5ea6564bf2b0d57 -> 
  custom:scripting/monoscript/fileName/TMP_TextInfo.cs: 9e4eb698c4c168829682cbe659418e8f -> 
  custom:scripting/monoscript/fileName/TextContainer.cs: 245c032a15fbc12850861c707e37b027 -> 
  custom:scripting/monoscript/fileName/TMP_SubMesh_Editor.cs: b381eb4c2ad4ef265088242d67c5b140 -> 
  custom:scripting/monoscript/fileName/TMP_TextElement.cs: 5dfb95666bd41ecc32948097824aba23 -> 
  custom:scripting/monoscript/fileName/TMP_Text.cs: 5cba61e283281e8dbf7dadaabcd638dc -> 
  custom:CustomObjectIndexerAttribute: 9a22284fe3817be447336de3de66b15e -> 
  custom:scripting/monoscript/fileName/ExtinguishableFire.cs: 6fc079e965f07121ccb01d97432a83e7 -> 
  custom:scripting/monoscript/fileName/TMP_PostBuildProcessHandler.cs: c69b388004562ecb0f789fc3759d9651 -> 
  custom:scripting/monoscript/fileName/TMP_DropdownEditor.cs: 2d907ee76ef876797c15186180266847 -> 
  custom:container-demuxer-webm: 4f35f7cbe854078d1ac9338744f61a02 -> 
  custom:scripting/monoscript/fileName/TMP_FontAsset.cs: 6c1db4680a96f294cf0af87a0b8099aa -> 
  custom:scripting/monoscript/fileName/TMP_SubMeshUI_Editor.cs: 119a633ce37cc27ac209988b5de61d96 -> 
  custom:scripting/monoscript/fileName/TMP_BaseEditorPanel.cs: f4b9967705e7bb57152fef4117417ba7 -> 
  custom:scripting/monoscript/fileName/TMP_SettingsEditor.cs: 56bf06371df7e13c5b8cc88becb89a4d -> 
  custom:scripting/monoscript/fileName/TMP_UpdateRegistery.cs: 1f23864d29c3a03d22aa9b00a337cf78 -> 
  custom:scripting/monoscript/fileName/FastAction.cs: dfbe75b66b645b53472915ad2590af11 -> 
  custom:scripting/monoscript/fileName/TMPro_TextContainerEditor.cs: b2fbc5db24221a870c4de162a712cbfe -> 
  custom:scripting/monoscript/fileName/TMP_TextAlignmentDrawer.cs: 011b7908ef5eb5e9dea532c77e85c538 -> 
  custom:scripting/monoscript/fileName/TMPro_CreateObjectMenu.cs: ddee59388caa7a56693342f3a805d427 -> 
  custom:scripting/monoscript/fileName/GunAim.cs: a359bcb45b8a9070343cabc49c6d6c12 -> 
  custom:scripting/monoscript/fileName/TMP_Asset.cs: 7e95c8d89188057bea8fc9569c9aa309 -> 
  custom:scripting/monoscript/fileName/TMP_ColorGradientEditor.cs: ed654c9d45026a5f71e6e9535130c15f -> 
  custom:scripting/monoscript/fileName/ParticleMenu.cs: 701aa12128b01c89a035dcec7c7d7504 -> 
  custom:scripting/monoscript/fileName/UIControll.cs: b8dd8f6a4077eb82a77cf8b7d6625918 -> 
  custom:scripting/monoscript/fileName/TMP_BitmapShaderGUI.cs: 2ce3ac811452d1d6d82e565157cac3e2 -> 
  custom:scripting/monoscript/fileName/TMP_ColorGradientAssetMenu.cs: 83563be632f8167fcdca7878d36901f9 -> 
  custom:scripting/monoscript/fileName/TMP_GlyphPropertyDrawer.cs: 56b500a16a5c8f635a7bfdd702279864 -> 
  custom:scripting/monoscript/fileName/TMP_SpriteGlyph.cs: cb4cdca5a4c6415e4f27ee5280164c41 -> 
  custom:scripting/monoscript/fileName/GameEvent_Text.cs: 066d859732f348d433439b889e716a36 -> 
  custom:container-muxer-webm: aa71ff27fc2769a1b78a27578f13a17b -> 
  custom:scripting/monoscript/fileName/TMP_UIStyleManager.cs: 66d96f3fa9ea14a5a6ed3f92d3bbe0f1 -> 
  custom:scripting/monoscript/fileName/ParticleCollision.cs: 71b71ac2cffa6bd7fb708664d6afc389 -> 
  custom:video-decoder-webm-vp8: 9c59270c3fd7afecdb556c50c9e8de78 -> 
  custom:scripting/monoscript/fileName/GunShoot.cs: 88c772e3426422d2042c20de5e9fd7a7 -> 
  custom:scripting/monoscript/fileName/NPC.cs: 90abe046273d7d199d0f971801ca7233 -> 
  custom:scripting/monoscript/fileName/TMPro_EventManager.cs: 4c7492301243f935f7a463360f91d217 -> 
  custom:scripting/monoscript/fileName/GlyphRectPropertyDrawer.cs: bdec415148eac17379112822c8814df5 -> 
  custom:scripting/monoscript/fileName/TMPro_UGUI_Private.cs: 90647cc400823b41df847a6cbfc29026 -> 
  custom:scripting/monoscript/fileName/TMP_TextElement_Legacy.cs: 6e11e173cb695b15e8cce3cd1e1cb2a7 -> 
  custom:SearchIndexIgnoredProperties: e643bd26f0fe6173181afceb89e7c659 -> 
  custom:scripting/monoscript/fileName/TMP_Settings.cs: 68d1204aae2aa6d0a54c151b7af443e7 -> 
  custom:scripting/monoscript/fileName/TMPro_SortingLayerHelper.cs: 8b86ad735987eff6a1277352e9e8d9b6 -> 
  custom:AudioImporter_EditorPlatform: d09bf68614088b80899f8185d706f6e7 -> 
  custom:scripting/monoscript/fileName/Contact.cs: 9dbd2626da1d9f2dd50c7eabce15446c -> 
  custom:scripting/monoscript/fileName/TMP_ResourcesManager.cs: 64252a073d41e9c6f4e95b5f68ac966c -> 
  custom:scripting/monoscript/fileName/TMPro_TexturePostProcessor.cs: 0750ad2b775120fa59f760172dc340ad -> 
  custom:scripting/monoscript/fileName/TMP_PackageResourceImporter.cs: 949b6e7fa2132b400d5c4aaf9c34421a -> 
  custom:scripting/monoscript/fileName/TMP_Style.cs: ecc9948baa78373f3076151d1a0642d9 -> 
  custom:scripting/monoscript/fileName/TMP_EditorPanelUI.cs: 0c3fb43855adf1da22258c211d01a47d -> 
  custom:scripting/monoscript/fileName/TMP_InputField.cs: f7712ab842984f124274656d749eca3d -> 
  custom:scripting/monoscript/fileName/TMP_Sprite.cs: 0ee3c386846aa132dd254421fac18cd1 -> 
  custom:scripting/monoscript/fileName/TextMeshProUGUI.cs: b783d06a82b0620f102e3253b4b9fc9b -> 
  custom:scripting/monoscript/fileName/TMP_StyleSheet.cs: de73099b6bd4b9281c92feedf1315618 -> 
  custom:scripting/monoscript/fileName/TMP_PackageUtilities.cs: 89e6e95503dd36070edf73e7aaab4557 -> 
  custom:scripting/monoscript/fileName/TMP_GlyphPairAdjustmentRecordPropertyDrawer.cs: 1a07941369755af9e0a102a45e9058c5 -> 
  custom:scripting/monoscript/fileName/TMP_TextUtilities.cs: aab2855e68416a0a1f2f8904059662aa -> 
  custom:scripting/monoscript/fileName/TMP_Dropdown.cs: ecea2f8babcb40d207d2e73158251f60 -> 
  custom:scripting/monoscript/fileName/TMP_CharacterInfo.cs: c840ce0b0aa6c1faafb27b3b884b2328 -> 
  custom:scripting/monoscript/fileName/TMP_ListPool.cs: 90647cc400823b41df847a6cbfc29026 -> 
  custom:scripting/monoscript/fileName/MaterialReferenceManager.cs: c970e86594a0f568cbda548f2d4462c1 -> 
  custom:scripting/monoscript/fileName/ITextPreProcessor.cs: a7aa94de5d5bfce2bdd74516315faaf2 -> 
  custom:scripting/monoscript/fileName/TMPro_EditorShaderUtilities.cs: f4cbef9348a73d49f1efb8d10ff07bf0 -> 
  custom:scripting/monoscript/fileName/cam_ctrl.cs: 63cb14e9f3952ace7e4bcc5e17c0a687 -> 
  custom:scripting/monoscript/fileName/GlyphMetricsPropertyDrawer.cs: 438b07e6eae795dab04c32f51ac4e752 -> 
  custom:scripting/monoscript/fileName/TMP_DefaultControls.cs: 2673e29173eb9307fa53ee17c15332ed -> 
  custom:video-encoder-webm-vp8: eb34c28f22e8b96e1ab97ce403110664 -> 
  custom:scripting/monoscript/fileName/TMP_RichTextTagsCommon.cs: 5462d55f8a9ad882f9a7f2d708a6978b -> 
  custom:scripting/monoscript/fileName/TMPro_ExtensionMethods.cs: 479bffcc157b89693ffc4c2ef2374861 -> 
  custom:scripting/monoscript/fileName/DecalDestroyer.cs: decd07b35d36ed7e38fde9c92f7048ba -> 
  custom:audio-decoder-ogg-vorbis: bf7c407c2cedff20999df2af8eb42d56 -> 
  custom:scripting/monoscript/fileName/TMPro_MeshUtilities.cs: 2237d160e4d9e81a7d899dc235029cb3 -> 
  custom:scripting/monoscript/fileName/TMP_Compatibility.cs: 3ef1f12d3c823dd740c7c596ab076c61 -> 
  custom:scripting/monoscript/fileName/TMP_SpriteAssetImportFormats.cs: 920e3140228fbd530b0080254da22d88 -> 
  custom:scripting/monoscript/fileName/TMP_StyleAssetMenu.cs: 60e7743122a0686d1131101c521adac6 -> 
  custom:scripting/monoscript/fileName/TMP_MaterialManager.cs: 441d72ec3c04a8da6a351f60fff95465 -> 
  custom:scripting/monoscript/fileName/TMP_SpriteAsset.cs: 8d06882cb45c7664f8d7c3079ee8757f -> 
  custom:scripting/monoscript/fileName/EventSystem.cs: fa5a3f153198fe932da1eb7d5af83c3f -> 9893ce071eb20d5c73342946ea902daa
  custom:scripting/monoscript/fileName/ParticleExamples.cs: fa7f72e4810c68574ab637c94b215424 -> 
  custom:scripting/monoscript/fileName/TMP_ResourcesLoader.cs: 6f1f07799f3cfe795f955033c27f98ed -> 
  custom:scripting/precompiled-assembly-types:Unity.TextMeshPro.Editor: 46ffe279a7239cd1fb74eb9c5ab5b5d8 -> 
  custom:scripting/monoscript/fileName/TMP_FontFeaturesCommon.cs: 7d1db71d73353e7dd97f094c509882fa -> 
  custom:scripting/monoscript/fileName/TMP_LineInfo.cs: bb529d63c9723788bd7143f27cd69eaf -> 
  custom:scripting/monoscript/fileName/TMP_EditorPanel.cs: 0631f68be4ca0623bf3e313ec9becbc9 -> 
  custom:audio-encoder-webm-vorbis: bf7c407c2cedff20999df2af8eb42d56 -> 
  custom:scripting/monoscript/fileName/TMP_BaseShaderGUI.cs: 25118693f24c47c8a4b530b8bff26574 -> 
  custom:scripting/monoscript/fileName/TMP_SpriteAssetImporter.cs: 675c97d72afe988872a20f51812f7cdf -> 
  custom:scripting/monoscript/fileName/TMP_SpriteAssetEditor.cs: 8a42af05e85c0eed4128787976375b45 -> 
  custom:scripting/monoscript/fileName/TMP_Character.cs: 015720458ea991fbf07357eae19532db -> 
  custom:scripting/monoscript/fileName/TMP_SubMesh.cs: 9fd75270af40187985e5c14cc85ebe42 -> 
  custom:scripting/precompiled-assembly-types:Unity.TextMeshPro: 59230975e8163396a463bd906828ec67 -> 
  custom:scripting/precompiled-assembly-types:Assembly-CSharp: 8213bfd399176c4bdc2af8978eb16fa6 -> 
  custom:scripting/monoscript/fileName/TMP_CoroutineTween.cs: 76849b8d6d4ce499ad8ffee762e4a4af -> 
  custom:scripting/monoscript/fileName/TMP_SpriteAnimator.cs: bf3a797c3a059d3698e93e0031d7f11c -> 
  custom:scripting/monoscript/fileName/TMP_TextProcessingStack.cs: 6146dd1b7f9b90aa342ef9794e387c23 -> 
  custom:scripting/monoscript/fileName/TMP_InputValidator.cs: 5e0d679d98dae60baa87977011e0ed51 -> 
  custom:scripting/monoscript/fileName/TMP_SelectionCaret.cs: d2a06fefe973175bffa10d62f788c481 -> 
